<?xml version="1.0" encoding="UTF-8"?>
<!-- Generated by org.testng.reporters.JUnitXMLReporter -->
<testsuite ignored="2" hostname="alibdear" failures="0" tests="2" name="TestDemo" time="3.604" errors="0" timestamp="2022-08-31T09:47:56 EEST">
  <testcase classname="automation.TestNGDemo" name="openURL" time="3.561"/>
  <testcase classname="automation.TestNGDemo" name="GetAnyThing" time="0.001"/>
  <testcase classname="automation.TestNGDemo" name="userCanBuy" time="0.0">
    <ignored/>
  </testcase> <!-- userCanBuy -->
  <testcase classname="automation.TestNGDemo" name="userLogin" time="0.0">
    <ignored/>
  </testcase> <!-- userLogin -->
</testsuite> <!-- TestDemo -->
