<?xml version="1.0" encoding="UTF-8"?>
<testng-results ignored="0" total="2" passed="2" failed="0" skipped="0">
  <reporter-output>
  </reporter-output>
  <suite started-at="2022-08-30T14:38:05 EEST" name="Default Suite" finished-at="2022-08-30T14:38:09 EEST" duration-ms="4342">
    <groups>
    </groups>
    <test started-at="2022-08-30T14:38:05 EEST" name="TestDemo" finished-at="2022-08-30T14:38:09 EEST" duration-ms="4342">
      <class name="automation.TestNGDemo">
        <test-method is-config="true" signature="openURL()[pri:0, instance:automation.TestNGDemo@c03cf28]" started-at="2022-08-30T14:38:05 EEST" name="openURL" finished-at="2022-08-30T14:38:09 EEST" duration-ms="3660" status="PASS">
          <reporter-output>
          </reporter-output>
        </test-method> <!-- openURL -->
        <test-method signature="userCanBuy()[pri:0, instance:automation.TestNGDemo@c03cf28]" started-at="2022-08-30T14:38:09 EEST" name="userCanBuy" finished-at="2022-08-30T14:38:09 EEST" duration-ms="9" status="PASS">
          <reporter-output>
          </reporter-output>
        </test-method> <!-- userCanBuy -->
        <test-method signature="userLogin()[pri:0, instance:automation.TestNGDemo@c03cf28]" started-at="2022-08-30T14:38:09 EEST" name="userLogin" finished-at="2022-08-30T14:38:09 EEST" duration-ms="6" status="PASS">
          <reporter-output>
          </reporter-output>
        </test-method> <!-- userLogin -->
        <test-method is-config="true" signature="lastTest()[pri:0, instance:automation.TestNGDemo@c03cf28]" started-at="2022-08-30T14:38:09 EEST" name="lastTest" finished-at="2022-08-30T14:38:09 EEST" duration-ms="634" status="PASS">
          <reporter-output>
          </reporter-output>
        </test-method> <!-- lastTest -->
      </class> <!-- automation.TestNGDemo -->
    </test> <!-- TestDemo -->
  </suite> <!-- Default Suite -->
</testng-results>
