<?xml version="1.0" encoding="UTF-8"?>
<testng-results ignored="2" total="4" passed="2" failed="0" skipped="0">
  <reporter-output>
  </reporter-output>
  <suite started-at="2022-08-31T09:47:53 EEST" name="Default Suite" finished-at="2022-08-31T09:47:56 EEST" duration-ms="3604">
    <groups>
      <group name="ali">
        <method signature="TestNGDemo.openURL()[pri:0, instance:automation.TestNGDemo@71c3b41]" name="openURL" class="automation.TestNGDemo"/>
        <method signature="TestNGDemo.GetAnyThing()[pri:0, instance:automation.TestNGDemo@71c3b41]" name="GetAnyThing" class="automation.TestNGDemo"/>
      </group> <!-- ali -->
    </groups>
    <test started-at="2022-08-31T09:47:53 EEST" name="TestDemo" finished-at="2022-08-31T09:47:56 EEST" duration-ms="3604">
      <class name="automation.TestNGDemo">
        <test-method signature="openURL()[pri:0, instance:automation.TestNGDemo@71c3b41]" started-at="2022-08-31T09:47:53 EEST" name="openURL" finished-at="2022-08-31T09:47:56 EEST" duration-ms="3561" status="PASS">
          <reporter-output>
          </reporter-output>
        </test-method> <!-- openURL -->
        <test-method signature="GetAnyThing()[pri:0, instance:automation.TestNGDemo@71c3b41]" started-at="2022-08-31T09:47:56 EEST" name="GetAnyThing" finished-at="2022-08-31T09:47:56 EEST" depends-on-methods="automation.TestNGDemo.openURL" duration-ms="1" status="PASS">
          <reporter-output>
          </reporter-output>
        </test-method> <!-- GetAnyThing -->
      </class> <!-- automation.TestNGDemo -->
    </test> <!-- TestDemo -->
  </suite> <!-- Default Suite -->
</testng-results>
